e:\experiments\cpp\hydra\lib\sdl2-2.0.8\visualc\sdl\win32\debug\sdl_dropevents.obj
e:\experiments\cpp\hydra\lib\sdl2-2.0.8\visualc\sdl\win32\debug\sdl_clipboardevents.obj
e:\experiments\cpp\hydra\lib\sdl2-2.0.8\visualc\sdl\win32\debug\sdl_dynapi.obj
e:\experiments\cpp\hydra\lib\sdl2-2.0.8\visualc\sdl\win32\debug\sdl_cpuinfo.obj
e:\experiments\cpp\hydra\lib\sdl2-2.0.8\visualc\sdl\win32\debug\sdl_xinput.obj
e:\experiments\cpp\hydra\lib\sdl2-2.0.8\visualc\sdl\win32\debug\sdl_windows.obj
e:\experiments\cpp\hydra\lib\sdl2-2.0.8\visualc\sdl\win32\debug\sdl_wasapi_win32.obj
e:\experiments\cpp\hydra\lib\sdl2-2.0.8\visualc\sdl\win32\debug\sdl_wasapi.obj
e:\experiments\cpp\hydra\lib\sdl2-2.0.8\visualc\sdl\win32\debug\sdl_winmm.obj
e:\experiments\cpp\hydra\lib\sdl2-2.0.8\visualc\sdl\win32\debug\sdl_wave.obj
e:\experiments\cpp\hydra\lib\sdl2-2.0.8\visualc\sdl\win32\debug\sdl_mixer.obj
e:\experiments\cpp\hydra\lib\sdl2-2.0.8\visualc\sdl\win32\debug\sdl_audiotypecvt.obj
e:\experiments\cpp\hydra\lib\sdl2-2.0.8\visualc\sdl\win32\debug\sdl_audiodev.obj
e:\experiments\cpp\hydra\lib\sdl2-2.0.8\visualc\sdl\win32\debug\sdl_audiocvt.obj
e:\experiments\cpp\hydra\lib\sdl2-2.0.8\visualc\sdl\win32\debug\sdl_audio.obj
e:\experiments\cpp\hydra\lib\sdl2-2.0.8\visualc\sdl\win32\debug\sdl_dummyaudio.obj
e:\experiments\cpp\hydra\lib\sdl2-2.0.8\visualc\sdl\win32\debug\sdl_diskaudio.obj
e:\experiments\cpp\hydra\lib\sdl2-2.0.8\visualc\sdl\win32\debug\sdl_directsound.obj
e:\experiments\cpp\hydra\lib\sdl2-2.0.8\visualc\sdl\win32\debug\sdl_spinlock.obj
e:\experiments\cpp\hydra\lib\sdl2-2.0.8\visualc\sdl\win32\debug\sdl_atomic.obj
e:\experiments\cpp\hydra\lib\sdl2-2.0.8\visualc\sdl\win32\debug\e_atan2.obj
e:\experiments\cpp\hydra\lib\sdl2-2.0.8\visualc\sdl\win32\debug\sdl_xinputjoystick.obj
e:\experiments\cpp\hydra\lib\sdl2-2.0.8\visualc\sdl\win32\debug\sdl_windowsjoystick.obj
e:\experiments\cpp\hydra\lib\sdl2-2.0.8\visualc\sdl\win32\debug\sdl_mmjoystick.obj
e:\experiments\cpp\hydra\lib\sdl2-2.0.8\visualc\sdl\win32\debug\sdl_dinputjoystick.obj
e:\experiments\cpp\hydra\lib\sdl2-2.0.8\visualc\sdl\win32\debug\sdl_joystick.obj
e:\experiments\cpp\hydra\lib\sdl2-2.0.8\visualc\sdl\win32\debug\sdl_gamecontroller.obj
e:\experiments\cpp\hydra\lib\sdl2-2.0.8\visualc\sdl\win32\debug\sdl_xinputhaptic.obj
e:\experiments\cpp\hydra\lib\sdl2-2.0.8\visualc\sdl\win32\debug\sdl_windowshaptic.obj
e:\experiments\cpp\hydra\lib\sdl2-2.0.8\visualc\sdl\win32\debug\sdl_dinputhaptic.obj
e:\experiments\cpp\hydra\lib\sdl2-2.0.8\visualc\sdl\win32\debug\sdl_haptic.obj
e:\experiments\cpp\hydra\lib\sdl2-2.0.8\visualc\sdl\win32\debug\sdl_sysfilesystem.obj
e:\experiments\cpp\hydra\lib\sdl2-2.0.8\visualc\sdl\win32\debug\sdl_rwops.obj
e:\experiments\cpp\hydra\lib\sdl2-2.0.8\visualc\sdl\win32\debug\sdl_windowevents.obj
e:\experiments\cpp\hydra\lib\sdl2-2.0.8\visualc\sdl\win32\debug\sdl_touch.obj
e:\experiments\cpp\hydra\lib\sdl2-2.0.8\visualc\sdl\win32\debug\sdl_quit.obj
e:\experiments\cpp\hydra\lib\sdl2-2.0.8\visualc\sdl\win32\debug\sdl_mouse.obj
e:\experiments\cpp\hydra\lib\sdl2-2.0.8\visualc\sdl\win32\debug\sdl_keyboard.obj
e:\experiments\cpp\hydra\lib\sdl2-2.0.8\visualc\sdl\win32\debug\sdl_gesture.obj
e:\experiments\cpp\hydra\lib\sdl2-2.0.8\visualc\sdl\win32\debug\sdl_events.obj
e:\experiments\cpp\hydra\lib\sdl2-2.0.8\visualc\sdl\win32\debug\sdl_power.obj
e:\experiments\cpp\hydra\lib\sdl2-2.0.8\visualc\sdl\win32\debug\sdl_sysloadso.obj
e:\experiments\cpp\hydra\lib\sdl2-2.0.8\visualc\sdl\win32\debug\s_tan.obj
e:\experiments\cpp\hydra\lib\sdl2-2.0.8\visualc\sdl\win32\debug\s_sin.obj
e:\experiments\cpp\hydra\lib\sdl2-2.0.8\visualc\sdl\win32\debug\s_scalbn.obj
e:\experiments\cpp\hydra\lib\sdl2-2.0.8\visualc\sdl\win32\debug\s_floor.obj
e:\experiments\cpp\hydra\lib\sdl2-2.0.8\visualc\sdl\win32\debug\s_fabs.obj
e:\experiments\cpp\hydra\lib\sdl2-2.0.8\visualc\sdl\win32\debug\s_cos.obj
e:\experiments\cpp\hydra\lib\sdl2-2.0.8\visualc\sdl\win32\debug\s_copysign.obj
e:\experiments\cpp\hydra\lib\sdl2-2.0.8\visualc\sdl\win32\debug\s_atan.obj
e:\experiments\cpp\hydra\lib\sdl2-2.0.8\visualc\sdl\win32\debug\k_tan.obj
e:\experiments\cpp\hydra\lib\sdl2-2.0.8\visualc\sdl\win32\debug\k_sin.obj
e:\experiments\cpp\hydra\lib\sdl2-2.0.8\visualc\sdl\win32\debug\k_rem_pio2.obj
e:\experiments\cpp\hydra\lib\sdl2-2.0.8\visualc\sdl\win32\debug\k_cos.obj
e:\experiments\cpp\hydra\lib\sdl2-2.0.8\visualc\sdl\win32\debug\e_sqrt.obj
e:\experiments\cpp\hydra\lib\sdl2-2.0.8\visualc\sdl\win32\debug\e_rem_pio2.obj
e:\experiments\cpp\hydra\lib\sdl2-2.0.8\visualc\sdl\win32\debug\e_pow.obj
e:\experiments\cpp\hydra\lib\sdl2-2.0.8\visualc\sdl\win32\debug\e_log10.obj
e:\experiments\cpp\hydra\lib\sdl2-2.0.8\visualc\sdl\win32\debug\e_log.obj
e:\experiments\cpp\hydra\lib\sdl2-2.0.8\visualc\sdl\win32\debug\e_fmod.obj
e:\experiments\cpp\hydra\lib\sdl2-2.0.8\visualc\sdl\win32\debug\sdl.obj
e:\experiments\cpp\hydra\lib\sdl2-2.0.8\visualc\sdl\win32\debug\sdl_rotate.obj
e:\experiments\cpp\hydra\lib\sdl2-2.0.8\visualc\sdl\win32\debug\sdl_render_sw.obj
e:\experiments\cpp\hydra\lib\sdl2-2.0.8\visualc\sdl\win32\debug\sdl_drawpoint.obj
e:\experiments\cpp\hydra\lib\sdl2-2.0.8\visualc\sdl\win32\debug\sdl_drawline.obj
e:\experiments\cpp\hydra\lib\sdl2-2.0.8\visualc\sdl\win32\debug\sdl_blendpoint.obj
e:\experiments\cpp\hydra\lib\sdl2-2.0.8\visualc\sdl\win32\debug\sdl_blendline.obj
e:\experiments\cpp\hydra\lib\sdl2-2.0.8\visualc\sdl\win32\debug\sdl_blendfillrect.obj
e:\experiments\cpp\hydra\lib\sdl2-2.0.8\visualc\sdl\win32\debug\sdl_yuv_sw.obj
e:\experiments\cpp\hydra\lib\sdl2-2.0.8\visualc\sdl\win32\debug\sdl_render.obj
e:\experiments\cpp\hydra\lib\sdl2-2.0.8\visualc\sdl\win32\debug\sdl_d3dmath.obj
e:\experiments\cpp\hydra\lib\sdl2-2.0.8\visualc\sdl\win32\debug\sdl_shaders_gles2.obj
e:\experiments\cpp\hydra\lib\sdl2-2.0.8\visualc\sdl\win32\debug\sdl_render_gles2.obj
e:\experiments\cpp\hydra\lib\sdl2-2.0.8\visualc\sdl\win32\debug\sdl_shaders_gl.obj
e:\experiments\cpp\hydra\lib\sdl2-2.0.8\visualc\sdl\win32\debug\sdl_render_gl.obj
e:\experiments\cpp\hydra\lib\sdl2-2.0.8\visualc\sdl\win32\debug\sdl_shaders_d3d.obj
e:\experiments\cpp\hydra\lib\sdl2-2.0.8\visualc\sdl\win32\debug\sdl_render_d3d11.obj
e:\experiments\cpp\hydra\lib\sdl2-2.0.8\visualc\sdl\win32\debug\sdl_render_d3d.obj
e:\experiments\cpp\hydra\lib\sdl2-2.0.8\visualc\sdl\win32\debug\sdl_shaders_d3d11.obj
e:\experiments\cpp\hydra\lib\sdl2-2.0.8\visualc\sdl\win32\debug\sdl_syspower.obj
e:\experiments\cpp\hydra\lib\sdl2-2.0.8\visualc\sdl\win32\debug\sdl_nullevents.obj
e:\experiments\cpp\hydra\lib\sdl2-2.0.8\visualc\sdl\win32\debug\sdl_systimer.obj
e:\experiments\cpp\hydra\lib\sdl2-2.0.8\visualc\sdl\win32\debug\sdl_timer.obj
e:\experiments\cpp\hydra\lib\sdl2-2.0.8\visualc\sdl\win32\debug\sdl_systls.obj
e:\experiments\cpp\hydra\lib\sdl2-2.0.8\visualc\sdl\win32\debug\sdl_systhread.obj
e:\experiments\cpp\hydra\lib\sdl2-2.0.8\visualc\sdl\win32\debug\sdl_syssem.obj
e:\experiments\cpp\hydra\lib\sdl2-2.0.8\visualc\sdl\win32\debug\sdl_sysmutex.obj
e:\experiments\cpp\hydra\lib\sdl2-2.0.8\visualc\sdl\win32\debug\sdl_thread.obj
e:\experiments\cpp\hydra\lib\sdl2-2.0.8\visualc\sdl\win32\debug\sdl_syscond.obj
e:\experiments\cpp\hydra\lib\sdl2-2.0.8\visualc\sdl\win32\debug\sdl_string.obj
e:\experiments\cpp\hydra\lib\sdl2-2.0.8\visualc\sdl\win32\debug\sdl_stdlib.obj
e:\experiments\cpp\hydra\lib\sdl2-2.0.8\visualc\sdl\win32\debug\sdl_qsort.obj
e:\experiments\cpp\hydra\lib\sdl2-2.0.8\visualc\sdl\win32\debug\sdl_malloc.obj
e:\experiments\cpp\hydra\lib\sdl2-2.0.8\visualc\sdl\win32\debug\sdl_iconv.obj
e:\experiments\cpp\hydra\lib\sdl2-2.0.8\visualc\sdl\win32\debug\sdl_getenv.obj
e:\experiments\cpp\hydra\lib\sdl2-2.0.8\visualc\sdl\win32\debug\sdl_log.obj
e:\experiments\cpp\hydra\lib\sdl2-2.0.8\visualc\sdl\win32\debug\sdl_hints.obj
e:\experiments\cpp\hydra\lib\sdl2-2.0.8\visualc\sdl\win32\debug\sdl_error.obj
e:\experiments\cpp\hydra\lib\sdl2-2.0.8\visualc\sdl\win32\debug\sdl_dataqueue.obj
e:\experiments\cpp\hydra\lib\sdl2-2.0.8\visualc\sdl\win32\debug\sdl_assert.obj
e:\experiments\cpp\hydra\lib\sdl2-2.0.8\visualc\sdl\win32\debug\sdl_surface.obj
e:\experiments\cpp\hydra\lib\sdl2-2.0.8\visualc\sdl\win32\debug\sdl_stretch.obj
e:\experiments\cpp\hydra\lib\sdl2-2.0.8\visualc\sdl\win32\debug\sdl_shape.obj
e:\experiments\cpp\hydra\lib\sdl2-2.0.8\visualc\sdl\win32\debug\sdl_rleaccel.obj
e:\experiments\cpp\hydra\lib\sdl2-2.0.8\visualc\sdl\win32\debug\sdl_rect.obj
e:\experiments\cpp\hydra\lib\sdl2-2.0.8\visualc\sdl\win32\debug\sdl_pixels.obj
e:\experiments\cpp\hydra\lib\sdl2-2.0.8\visualc\sdl\win32\debug\sdl_fillrect.obj
e:\experiments\cpp\hydra\lib\sdl2-2.0.8\visualc\sdl\win32\debug\sdl_egl.obj
e:\experiments\cpp\hydra\lib\sdl2-2.0.8\visualc\sdl\win32\debug\sdl_clipboard.obj
e:\experiments\cpp\hydra\lib\sdl2-2.0.8\visualc\sdl\win32\debug\sdl_bmp.obj
e:\experiments\cpp\hydra\lib\sdl2-2.0.8\visualc\sdl\win32\debug\sdl_blit_slow.obj
e:\experiments\cpp\hydra\lib\sdl2-2.0.8\visualc\sdl\win32\debug\sdl_blit_n.obj
e:\experiments\cpp\hydra\lib\sdl2-2.0.8\visualc\sdl\win32\debug\sdl_blit_copy.obj
e:\experiments\cpp\hydra\lib\sdl2-2.0.8\visualc\sdl\win32\debug\sdl_blit_auto.obj
e:\experiments\cpp\hydra\lib\sdl2-2.0.8\visualc\sdl\win32\debug\sdl_blit_a.obj
e:\experiments\cpp\hydra\lib\sdl2-2.0.8\visualc\sdl\win32\debug\sdl_blit_1.obj
e:\experiments\cpp\hydra\lib\sdl2-2.0.8\visualc\sdl\win32\debug\sdl_blit_0.obj
e:\experiments\cpp\hydra\lib\sdl2-2.0.8\visualc\sdl\win32\debug\sdl_blit.obj
e:\experiments\cpp\hydra\lib\sdl2-2.0.8\visualc\sdl\win32\debug\sdl_nullvideo.obj
e:\experiments\cpp\hydra\lib\sdl2-2.0.8\visualc\sdl\win32\debug\sdl_nullframebuffer.obj
e:\experiments\cpp\hydra\lib\sdl2-2.0.8\visualc\sdl\win32\debug\yuv_rgb.obj
e:\experiments\cpp\hydra\lib\sdl2-2.0.8\visualc\sdl\win32\debug\sdl_windowswindow.obj
e:\experiments\cpp\hydra\lib\sdl2-2.0.8\visualc\sdl\win32\debug\sdl_windowsvulkan.obj
e:\experiments\cpp\hydra\lib\sdl2-2.0.8\visualc\sdl\win32\debug\sdl_windowsvideo.obj
e:\experiments\cpp\hydra\lib\sdl2-2.0.8\visualc\sdl\win32\debug\sdl_windowsshape.obj
e:\experiments\cpp\hydra\lib\sdl2-2.0.8\visualc\sdl\win32\debug\sdl_windowsopengles.obj
e:\experiments\cpp\hydra\lib\sdl2-2.0.8\visualc\sdl\win32\debug\sdl_windowsopengl.obj
e:\experiments\cpp\hydra\lib\sdl2-2.0.8\visualc\sdl\win32\debug\sdl_windowsmouse.obj
e:\experiments\cpp\hydra\lib\sdl2-2.0.8\visualc\sdl\win32\debug\sdl_windowsmodes.obj
e:\experiments\cpp\hydra\lib\sdl2-2.0.8\visualc\sdl\win32\debug\sdl_windowsmessagebox.obj
e:\experiments\cpp\hydra\lib\sdl2-2.0.8\visualc\sdl\win32\debug\sdl_windowskeyboard.obj
e:\experiments\cpp\hydra\lib\sdl2-2.0.8\visualc\sdl\win32\debug\sdl_windowsframebuffer.obj
e:\experiments\cpp\hydra\lib\sdl2-2.0.8\visualc\sdl\win32\debug\sdl_windowsevents.obj
e:\experiments\cpp\hydra\lib\sdl2-2.0.8\visualc\sdl\win32\debug\sdl_windowsclipboard.obj
e:\experiments\cpp\hydra\lib\sdl2-2.0.8\visualc\sdl\win32\debug\sdl_yuv.obj
e:\experiments\cpp\hydra\lib\sdl2-2.0.8\visualc\sdl\win32\debug\sdl_vulkan_utils.obj
e:\experiments\cpp\hydra\lib\sdl2-2.0.8\visualc\sdl\win32\debug\sdl_video.obj
e:\experiments\cpp\hydra\lib\sdl2-2.0.8\visualc\win32\debug\sdl2.ilk
e:\experiments\cpp\hydra\lib\sdl2-2.0.8\visualc\win32\debug\sdl2.dll
e:\experiments\cpp\hydra\lib\sdl2-2.0.8\visualc\win32\debug\sdl2.pdb
e:\experiments\cpp\hydra\lib\sdl2-2.0.8\visualc\sdl\win32\debug\version.res
e:\experiments\cpp\hydra\lib\sdl2-2.0.8\visualc\win32\debug\sdl2.lib
e:\experiments\cpp\hydra\lib\sdl2-2.0.8\visualc\win32\debug\sdl2.exp
e:\experiments\cpp\hydra\lib\sdl2-2.0.8\visualc\sdl\win32\debug\sdl2.tlog\cl.command.1.tlog
e:\experiments\cpp\hydra\lib\sdl2-2.0.8\visualc\sdl\win32\debug\sdl2.tlog\cl.read.1.tlog
e:\experiments\cpp\hydra\lib\sdl2-2.0.8\visualc\sdl\win32\debug\sdl2.tlog\cl.write.1.tlog
e:\experiments\cpp\hydra\lib\sdl2-2.0.8\visualc\sdl\win32\debug\sdl2.tlog\link.command.1.tlog
e:\experiments\cpp\hydra\lib\sdl2-2.0.8\visualc\sdl\win32\debug\sdl2.tlog\link.read.1.tlog
e:\experiments\cpp\hydra\lib\sdl2-2.0.8\visualc\sdl\win32\debug\sdl2.tlog\link.write.1.tlog
e:\experiments\cpp\hydra\lib\sdl2-2.0.8\visualc\sdl\win32\debug\sdl2.tlog\rc.command.1.tlog
e:\experiments\cpp\hydra\lib\sdl2-2.0.8\visualc\sdl\win32\debug\sdl2.tlog\rc.read.1.tlog
e:\experiments\cpp\hydra\lib\sdl2-2.0.8\visualc\sdl\win32\debug\sdl2.tlog\rc.write.1.tlog
e:\experiments\cpp\hydra\lib\sdl2-2.0.8\visualc\sdl\win32\debug\sdl2.tlog\sdl2.write.1u.tlog
